2019-05-01 09:18:38,161 - FB_ads - INFO - Logging in successful.
2019-05-01 09:18:59,124 - FB_ads - ERROR - Message: Unable to locate element: //*[contains(@class, 'uiHeaderImage')]

2019-05-01 09:19:01,160 - FB_ads - ERROR - Message: Unable to locate element: //*[contains(@class, 'autofocus layerCancel')]

2019-05-01 09:19:04,177 - FB_ads - ERROR - Message: Unable to locate element: //*[@class='_3ixn']

2019-05-01 09:19:44,535 - FB_ads - INFO - Got 48 ads from Page
2019-05-01 09:19:54,976 - FB_ads - INFO - Finish crawling Fb ads from input page!
2019-05-01 09:21:29,531 - FB_ads - INFO - Logging in successful.
2019-05-01 09:21:29,531 - FB_ads - INFO - Logging in successful.
2019-05-01 09:21:48,142 - FB_ads - ERROR - Message: Unable to locate element: //*[contains(@class, 'uiHeaderImage')]

2019-05-01 09:21:48,142 - FB_ads - ERROR - Message: Unable to locate element: //*[contains(@class, 'uiHeaderImage')]

2019-05-01 09:21:50,158 - FB_ads - ERROR - Message: Unable to locate element: //*[contains(@class, 'autofocus layerCancel')]

2019-05-01 09:21:50,158 - FB_ads - ERROR - Message: Unable to locate element: //*[contains(@class, 'autofocus layerCancel')]

2019-05-01 09:22:34,000 - FB_ads - INFO - Got 48 ads from Page
2019-05-01 09:22:34,000 - FB_ads - INFO - Got 48 ads from Page
2019-05-01 09:22:41,400 - FB_ads - INFO - Finish crawling Fb ads from input page!
2019-05-01 09:22:41,400 - FB_ads - INFO - Finish crawling Fb ads from input page!
2019-05-01 09:23:47,486 - FB_ads - INFO - Logging in successful.
2019-05-01 09:23:47,486 - FB_ads - INFO - Logging in successful.
2019-05-01 09:23:47,486 - FB_ads - INFO - Logging in successful.
2019-05-01 09:24:05,069 - FB_ads - ERROR - Message: Unable to locate element: //*[contains(@class, 'uiHeaderImage')]

2019-05-01 09:24:05,069 - FB_ads - ERROR - Message: Unable to locate element: //*[contains(@class, 'uiHeaderImage')]

2019-05-01 09:24:05,069 - FB_ads - ERROR - Message: Unable to locate element: //*[contains(@class, 'uiHeaderImage')]

2019-05-01 09:24:07,086 - FB_ads - ERROR - Message: Unable to locate element: //*[contains(@class, 'autofocus layerCancel')]

2019-05-01 09:24:07,086 - FB_ads - ERROR - Message: Unable to locate element: //*[contains(@class, 'autofocus layerCancel')]

2019-05-01 09:24:07,086 - FB_ads - ERROR - Message: Unable to locate element: //*[contains(@class, 'autofocus layerCancel')]

2019-05-01 09:24:50,886 - FB_ads - INFO - Got 48 ads from Page
2019-05-01 09:24:50,886 - FB_ads - INFO - Got 48 ads from Page
2019-05-01 09:24:50,886 - FB_ads - INFO - Got 48 ads from Page
2019-05-01 09:25:00,282 - FB_ads - INFO - Finish crawling Fb ads from input page!
2019-05-01 09:25:00,282 - FB_ads - INFO - Finish crawling Fb ads from input page!
2019-05-01 09:25:00,282 - FB_ads - INFO - Finish crawling Fb ads from input page!
2019-05-01 09:26:49,620 - FB_ads - INFO - Logging in successful.
2019-05-01 09:26:49,620 - FB_ads - INFO - Logging in successful.
2019-05-01 09:26:49,620 - FB_ads - INFO - Logging in successful.
2019-05-01 09:26:49,620 - FB_ads - INFO - Logging in successful.
2019-05-01 09:27:07,483 - FB_ads - ERROR - Message: Unable to locate element: //*[contains(@class, 'uiHeaderImage')]

2019-05-01 09:27:07,483 - FB_ads - ERROR - Message: Unable to locate element: //*[contains(@class, 'uiHeaderImage')]

2019-05-01 09:27:07,483 - FB_ads - ERROR - Message: Unable to locate element: //*[contains(@class, 'uiHeaderImage')]

2019-05-01 09:27:07,483 - FB_ads - ERROR - Message: Unable to locate element: //*[contains(@class, 'uiHeaderImage')]

2019-05-01 09:27:09,574 - FB_ads - ERROR - Message: Unable to locate element: //*[contains(@class, 'autofocus layerCancel')]

2019-05-01 09:27:09,574 - FB_ads - ERROR - Message: Unable to locate element: //*[contains(@class, 'autofocus layerCancel')]

2019-05-01 09:27:09,574 - FB_ads - ERROR - Message: Unable to locate element: //*[contains(@class, 'autofocus layerCancel')]

2019-05-01 09:27:09,574 - FB_ads - ERROR - Message: Unable to locate element: //*[contains(@class, 'autofocus layerCancel')]

2019-05-01 09:27:53,424 - FB_ads - INFO - Got 48 ads from Page
2019-05-01 09:27:53,424 - FB_ads - INFO - Got 48 ads from Page
2019-05-01 09:27:53,424 - FB_ads - INFO - Got 48 ads from Page
2019-05-01 09:27:53,424 - FB_ads - INFO - Got 48 ads from Page
2019-05-01 09:27:58,942 - FB_ads - INFO - Finish crawling Fb ads from input page!
2019-05-01 09:27:58,942 - FB_ads - INFO - Finish crawling Fb ads from input page!
2019-05-01 09:27:58,942 - FB_ads - INFO - Finish crawling Fb ads from input page!
2019-05-01 09:27:58,942 - FB_ads - INFO - Finish crawling Fb ads from input page!
2019-05-01 09:33:40,121 - FB_ads - INFO - Logging in successful.
2019-05-01 09:33:59,031 - FB_ads - ERROR - Message: Unable to locate element: //*[contains(@class, 'uiHeaderImage')]

2019-05-01 09:34:01,049 - FB_ads - ERROR - Message: Unable to locate element: //*[contains(@class, 'autofocus layerCancel')]

2019-05-01 09:34:44,903 - FB_ads - INFO - Got 48 ads from Page
2019-05-01 09:34:50,335 - FB_ads - INFO - Finish crawling Fb ads from input page!
2019-05-01 09:40:51,833 - FB_ads - INFO - Logging in successful.
2019-05-01 09:41:11,312 - FB_ads - ERROR - Message: Unable to locate element: //*[contains(@class, 'uiHeaderImage')]

2019-05-01 09:41:13,331 - FB_ads - ERROR - Message: Unable to locate element: //*[contains(@class, 'autofocus layerCancel')]

2019-05-01 09:42:13,519 - FB_ads - INFO - Got 64 ads from Page
2019-05-01 09:42:30,337 - FB_ads - INFO - Finish crawling Fb ads from input page!
2019-05-01 09:45:46,807 - FB_ads - INFO - Logging in successful.
2019-05-01 09:46:04,384 - FB_ads - ERROR - Message: Unable to locate element: //*[contains(@class, 'uiHeaderImage')]

2019-05-01 09:46:06,565 - FB_ads - ERROR - Message: Unable to locate element: //*[contains(@class, 'autofocus layerCancel')]

2019-05-01 09:47:06,448 - FB_ads - INFO - Got 64 ads from Page
2019-05-01 09:47:13,566 - FB_ads - INFO - Finish crawling Fb ads from input page!
2019-05-01 12:34:53,967 - FB_posts - ERROR - Cannot find shares - 907245132688384_2240435156036035
Traceback (most recent call last):
  File "/media/no7kai/Data/Django/dOne/fbcrawling/fbadds/get_adslsc.py", line 89, in get_adslsm
    share = r['shares']['count']
KeyError: 'shares'
2019-05-01 12:41:44,971 - FB_posts - ERROR - Cannot find shares - 907245132688384_2240435156036035
Traceback (most recent call last):
  File "/media/no7kai/Data/Django/dOne/fbcrawling/fbadds/get_adslsc.py", line 89, in get_adslsm
    share = r['shares']['count']
KeyError: 'shares'
